2020-07-14 13:55:06,118 - srg.agents.base_agent_single - INFO - 0 -- Pose Learning
2020-07-14 13:55:06,118 - srg.agents.base_agent_single - INFO - 1 -- CONTINUOUS
2020-07-14 13:55:06,118 - srg.agents.base_agent_single - INFO - 2 -- 6
2020-07-14 13:55:06,118 - srg.agents.base_agent_single - INFO - 3 -- -100
2020-07-14 13:55:06,118 - srg.agents.base_agent_single - INFO - 4 -- 76
2020-07-14 13:55:06,118 - srg.agents.base_agent_single - INFO - 5 -- {'learning_rate': 0.01, 'linear_hidden_units': [50, 50, 50], 'final_layer_activation': None, 'episodes_per_learning_round': 5, 'learning_iterations_per_round': 5, 'discount_rate': 0.8, 'batch_norm': False, 'clip_epsilon': 0.1, 'normalise_rewards': True, 'gradient_clipping_norm': 7.0, 'mu': 0.0, 'theta': 0.0, 'sigma': 0.0, 'epsilon_decay_rate_denominator': 1.0, 'clip_rewards': False}
2020-07-14 13:55:06,118 - srg.agents.base_agent_single - INFO - 6 -- -1
2020-07-14 13:55:06,118 - srg.agents.base_agent_single - INFO - 7 -- 100
2020-07-14 13:55:06,118 - srg.agents.base_agent_single - INFO - 8 -- cuda:0
2020-07-14 13:55:06,184 - srg.agents.base_agent_single - INFO - Reseting game -- New start state [ 0.00000000e+00  0.00000000e+00 -1.00000000e+00  8.17250000e-01
  1.91450000e-01 -5.49100000e-03  0.00000000e+00  0.00000000e+00
  0.00000000e+00  0.00000000e+00  0.00000000e+00  0.00000000e+00
  0.00000000e+00  0.00000000e+00  0.00000000e+00  0.00000000e+00
  0.00000000e+00  0.00000000e+00  0.00000000e+00  0.00000000e+00
  0.00000000e+00  0.00000000e+00 -1.91830641e+03 -2.17955388e+03
  2.23839544e+03  6.09859124e+01 -1.28157180e+03 -1.00000000e+03
  2.54240054e+03  1.40233880e+03  2.19915544e+03  5.01072235e+02
  1.00000000e+03  7.10542736e-15  1.58488887e+03  1.40233880e+03
 -2.93766649e+03 -2.82671555e+02 -4.43768883e+02 -6.78579050e+01
  1.00868487e+03 -4.39646804e+02  1.14599339e+03  1.94327614e+02
 -2.52171218e+02 -7.44871362e+01  2.17304115e+02 -7.34472792e+02
  1.37607546e+03  8.12109299e+01  1.33226763e-15 -3.27456362e+01
 -5.73638180e+00  7.37958336e+02  1.19551123e+03  2.84678842e+01
  3.98685147e+01  3.55271368e-14  2.05604900e+02  7.46482894e+02
 -9.37153354e+02 -1.07109573e+02  4.91273688e-15 -1.22070922e+01
  7.22262077e+01 -4.96693852e+01 -1.21193315e+02  1.69044693e-02
 -1.76401143e-02  1.20737987e-02  0.00000000e+00  0.00000000e+00
  0.00000000e+00  0.00000000e+00  0.00000000e+00  0.00000000e+00]
2020-07-14 13:55:08,848 - srg.agents.base_agent_single - INFO - Reseting game -- New start state [ 0.00000000e+00  0.00000000e+00 -1.00000000e+00  8.17250000e-01
  1.91450000e-01 -5.49100000e-03  0.00000000e+00  0.00000000e+00
  0.00000000e+00  0.00000000e+00  0.00000000e+00  0.00000000e+00
  0.00000000e+00  0.00000000e+00  0.00000000e+00  0.00000000e+00
  0.00000000e+00  0.00000000e+00  0.00000000e+00  0.00000000e+00
  0.00000000e+00  0.00000000e+00 -4.26149647e+03 -2.00453388e+02
 -4.05687832e+03 -8.57923560e+02  1.02737320e+02  1.00000000e+03
  2.22358133e+03 -3.64090920e+03 -4.09611832e+03 -2.45775635e+00
 -1.00000000e+03  0.00000000e+00 -4.68082935e+03 -3.64090920e+03
 -3.33177057e+02 -6.59153218e+01  1.31063222e+03 -1.04163064e+03
  4.16455841e+03 -2.26050592e+03 -1.33513537e+03  1.44243210e+02
 -1.04113960e+03  2.60969618e+02 -4.43514313e+03 -1.91805443e+03
  6.89760240e+02  1.52884214e+02 -6.88338275e-15 -2.38836962e+02
  4.69997222e+03  1.54243266e+03  6.43995516e+02 -6.15369839e+01
  6.09354776e+02  1.13686838e-13 -4.93358892e+03  1.36888722e+03
 -2.23786431e+02 -2.32566819e+01  2.89768209e-14  6.70134612e+02
  1.34197991e+02  4.06850546e+02 -2.62305917e+01  1.35155484e-01
 -2.83545606e-03  7.37187405e-03  2.98563862e+00  2.97839522e+00
 -3.35437179e+00  2.04642296e+00 -3.34688759e+00  3.13758874e+00]
2020-07-14 13:55:11,445 - srg.agents.base_agent_single - INFO - Reseting game -- New start state [ 0.00000000e+00  0.00000000e+00 -1.00000000e+00  8.17250000e-01
  1.91450000e-01 -5.49100000e-03  0.00000000e+00  0.00000000e+00
  0.00000000e+00  0.00000000e+00  0.00000000e+00  0.00000000e+00
  0.00000000e+00  0.00000000e+00  0.00000000e+00  0.00000000e+00
  0.00000000e+00  0.00000000e+00  0.00000000e+00  0.00000000e+00
  0.00000000e+00  0.00000000e+00 -3.10504738e+02  7.01431963e+00
  8.07101019e+02 -1.52031800e+01 -1.22271523e+02 -4.45877961e+00
  3.10271031e+02  1.39384475e+01  7.67861019e+02  8.16675782e+00
  9.53549173e+01  0.00000000e+00  7.20181207e+02  1.39384475e+01
 -3.35846772e+02  4.48626338e+01 -2.01650738e+02  8.98292051e+01
 -6.24587378e+02 -2.35210971e+00  3.63494582e+02 -9.12636668e+00
  1.56146844e+02 -1.17943340e+01  3.08147385e+02 -5.48513052e+00
  5.82131736e+02 -1.27007068e+01  8.88178420e-16  9.09061723e+00
 -3.12076053e+02  2.90193309e+01  5.25488191e+02  5.85224936e+01
 -4.35123220e+01 -7.04991621e-15  2.97716651e+02  2.96537880e+01
 -4.80936544e+02 -6.28649657e+01  4.33680869e-19 -3.59984903e+01
  2.60198682e+00 -2.98480300e+01 -4.48858725e+01 -1.32547434e-02
 -9.38055313e-04  2.40587310e-03  3.37496591e+00  3.29255104e+00
  3.15057588e+00 -3.19654584e+00 -3.04841375e+00  3.23028111e+00]
2020-07-14 13:55:14,018 - srg.agents.base_agent_single - INFO - Reseting game -- New start state [ 0.00000000e+00  0.00000000e+00 -1.00000000e+00  8.17250000e-01
  1.91450000e-01 -5.49100000e-03  0.00000000e+00  0.00000000e+00
  0.00000000e+00  0.00000000e+00  0.00000000e+00  0.00000000e+00
  0.00000000e+00  0.00000000e+00  0.00000000e+00  0.00000000e+00
  0.00000000e+00  0.00000000e+00  0.00000000e+00  0.00000000e+00
  0.00000000e+00  0.00000000e+00 -4.71604785e+02  3.31956822e+02
  1.64937414e+03 -1.92447354e+02 -5.63593149e+02  1.50170502e+02
  4.90951335e+02 -3.02610627e+02  1.61013414e+03  1.30775975e+02
  5.30497353e+02  0.00000000e+00  1.51855093e+03 -3.02610627e+02
 -6.41871978e+02  1.38113989e+02 -4.25194260e+02  6.16229250e+01
 -4.40947585e+02 -6.05703468e+01  7.29931641e+02 -3.74775011e+01
  1.10236896e+02 -2.49163094e+00  6.69971866e+02 -1.92756571e+01
  3.12781514e+02 -5.48801268e+00 -4.44089210e-16  3.48734097e+01
 -6.51999903e+02  6.70025394e+01  2.80248565e+02  2.56674501e+01
 -7.50244644e+01  2.22044605e-16  6.37354907e+02  6.22853970e+01
 -2.76139069e+02 -3.59242897e+01 -5.89805982e-17 -9.36606200e+01
  5.72259034e+00 -4.34552307e+01 -2.59082925e+01 -1.22082365e-02
 -4.06006926e-04 -5.63201396e-03  3.03281164e+00  2.77111125e+00
  3.34235096e+00 -3.02908111e+00 -3.50148320e+00  3.16299963e+00]
2020-07-14 13:55:16,588 - srg.agents.base_agent_single - INFO - Reseting game -- New start state [ 0.00000000e+00  0.00000000e+00 -1.00000000e+00  8.17250000e-01
  1.91450000e-01 -5.49100000e-03  0.00000000e+00  0.00000000e+00
  0.00000000e+00  0.00000000e+00  0.00000000e+00  0.00000000e+00
  0.00000000e+00  0.00000000e+00  0.00000000e+00  0.00000000e+00
  0.00000000e+00  0.00000000e+00  0.00000000e+00  0.00000000e+00
  0.00000000e+00  0.00000000e+00 -6.49253087e+02  8.59594683e+02
 -1.75885871e+03 -1.29551495e+02 -2.24613970e+02  3.57902475e+02
  7.17524162e+02 -8.03487192e+02 -1.79809871e+03  3.90672755e+01
  1.70503004e+02 -5.68434189e-14 -1.88356962e+03 -8.03487192e+02
 -5.76206587e+02  2.04385159e+02  5.27399494e+02 -3.21790834e+02
  2.26546462e+03 -1.55853689e+02  6.62674105e+02 -5.57502342e+01
 -5.66366155e+02  5.86223465e+01  8.28246655e+02 -5.03049255e+01
 -2.04413676e+03  5.47738970e+01  0.00000000e+00  5.36838107e+01
 -8.30607325e+02  7.74404243e+01 -1.86920733e+03 -2.33083749e+02
 -9.70976832e+01 -1.59872116e-14  9.59755255e+02  6.83036217e+01
  1.64568619e+03  2.18950019e+02  1.66533454e-15 -1.42419655e+02
  6.38506346e+00 -6.40388722e+01  1.45720898e+02 -1.21119597e-02
  5.64174028e-05 -9.66027227e-03  2.82880211e+00  2.94213891e+00
  2.74725056e+00 -3.33188772e+00 -3.10061741e+00  3.11557269e+00]
2020-07-14 13:55:19,182 - srg.agents.base_agent_single - INFO - Reseting game -- New start state [ 0.00000000e+00  0.00000000e+00 -1.00000000e+00  8.17250000e-01
  1.91450000e-01 -5.49100000e-03  0.00000000e+00  0.00000000e+00
  0.00000000e+00  0.00000000e+00  0.00000000e+00  0.00000000e+00
  0.00000000e+00  0.00000000e+00  0.00000000e+00  0.00000000e+00
  0.00000000e+00  0.00000000e+00  0.00000000e+00  0.00000000e+00
  0.00000000e+00  0.00000000e+00  1.84048572e+02 -3.18327496e+01
  4.90312343e+02  2.73406812e+01  8.35086972e+01 -1.33194138e+01
 -1.85649088e+02  2.05333138e+01  4.51072343e+02 -2.03589642e+01
 -6.84702561e+01  0.00000000e+00  4.20060000e+02  2.05333138e+01
  1.73360218e+02 -3.04450383e+01 -1.17616800e+02  7.78052445e+01
 -5.45523658e+02  5.72330638e+00 -1.75733580e+02  7.02861827e+00
  1.36380915e+02 -1.30085422e+01 -2.01318858e+02  3.03507505e+00
  5.05988370e+02 -1.26280545e+01 -2.22044605e-16 -7.77712629e+00
  1.98407626e+02 -1.28722257e+01  4.61969163e+02  5.69094197e+01
  2.44749977e+01 -3.67761377e-15 -2.30202264e+02 -1.26096228e+01
 -4.00460217e+02 -5.33626415e+01  0.00000000e+00  3.07210937e+01
 -1.09958144e+00  1.97320006e+01 -3.53397253e+01  5.39454630e-03
  2.18128357e-04  4.86723527e-05  3.39921474e+00  3.20705295e+00
  3.20800996e+00 -3.12242174e+00 -3.19375181e+00  3.07671404e+00]
2020-07-14 13:55:21,853 - srg.agents.base_agent_single - INFO - Reseting game -- New start state [ 0.00000000e+00  0.00000000e+00 -1.00000000e+00  8.17250000e-01
  1.91450000e-01 -5.49100000e-03  0.00000000e+00  0.00000000e+00
  0.00000000e+00  0.00000000e+00  0.00000000e+00  0.00000000e+00
  0.00000000e+00  0.00000000e+00  0.00000000e+00  0.00000000e+00
  0.00000000e+00  0.00000000e+00  0.00000000e+00  0.00000000e+00
  0.00000000e+00  0.00000000e+00 -2.22316535e+02  1.07656021e+02
  2.52418529e+02 -6.64551852e+00 -5.43229197e+01  6.14133135e+01
  2.25486675e+02 -1.00847510e+02  2.13178529e+02 -4.00051284e+00
  3.43956770e+01  0.00000000e+00  1.67831936e+02 -1.00847510e+02
 -2.32301005e+02  6.44249838e+01 -4.69929422e+01  2.43868371e+01
 -1.44629553e+02 -7.17437737e+00  2.85964161e+02 -2.37387044e+01
  3.61573882e+01 -2.71207098e+00  2.75918352e+02  8.90268901e+00
  1.57188213e+02 -4.61178210e+00 -6.66133815e-16  2.02008722e+01
 -2.79481796e+02  1.33716319e+01  1.42627959e+02  1.54090483e+01
 -2.94149541e+01  5.55111512e-17  2.76980395e+02  1.22796741e+01
 -1.49932010e+02 -2.00883416e+01 -2.34187669e-16 -4.43181244e+01
  1.27139810e+00 -1.44073429e+01 -1.28157246e+01 -1.18648625e-03
  2.94594708e-04 -4.85380621e-03  3.08659196e+00  3.48188567e+00
  3.28514600e+00 -3.13712859e+00 -3.15041471e+00  3.13103461e+00]
2020-07-14 13:55:24,470 - srg.agents.base_agent_single - INFO - Reseting game -- New start state [ 0.00000000e+00  0.00000000e+00 -1.00000000e+00  8.17250000e-01
  1.91450000e-01 -5.49100000e-03  0.00000000e+00  0.00000000e+00
  0.00000000e+00  0.00000000e+00  0.00000000e+00  0.00000000e+00
  0.00000000e+00  0.00000000e+00  0.00000000e+00  0.00000000e+00
  0.00000000e+00  0.00000000e+00  0.00000000e+00  0.00000000e+00
  0.00000000e+00  0.00000000e+00  4.01015408e+02 -2.25859679e+01
  9.20101099e+02  2.73766433e+01  1.16982650e+02 -2.08005877e+01
 -4.01645241e+02  2.14099790e+00  8.80861099e+02 -2.11946703e+01
 -8.24144084e+01  8.88178420e-16  8.70669712e+02  2.14099790e+00
  3.41382000e+02 -6.49930737e+01 -2.43787519e+02  1.40879471e+02
 -1.02200118e+03 -8.12651935e+00 -3.07053776e+02  1.71248062e+01
  2.55500294e+02 -2.24949786e+01 -3.59763349e+02 -9.70654938e+00
  9.28972821e+02 -2.15573810e+01 -1.77635684e-15 -1.67960985e+01
  3.50444775e+02 -2.16690522e+01  8.47748530e+02  1.04321938e+02
  3.92923253e+01 -6.74460487e-15 -3.78877083e+02 -2.10555578e+01
 -7.49103766e+02 -9.97948467e+01  8.90780505e-16  5.41312386e+01
 -1.49774383e+00  2.79677729e+01 -6.60772455e+01  6.07895217e-03
  3.12748902e-04  2.38417861e-03  3.25249767e+00  2.90398407e+00
  3.00558496e+00 -3.05910802e+00 -2.93128061e+00  2.98350978e+00]
2020-07-14 13:55:27,018 - srg.agents.base_agent_single - INFO - Reseting game -- New start state [ 0.00000000e+00  0.00000000e+00 -1.00000000e+00  8.17250000e-01
  1.91450000e-01 -5.49100000e-03  0.00000000e+00  0.00000000e+00
  0.00000000e+00  0.00000000e+00  0.00000000e+00  0.00000000e+00
  0.00000000e+00  0.00000000e+00  0.00000000e+00  0.00000000e+00
  0.00000000e+00  0.00000000e+00  0.00000000e+00  0.00000000e+00
  0.00000000e+00  0.00000000e+00 -2.02634019e+01  6.85088973e+00
  9.50666594e+02 -8.76938668e+01 -2.30185426e+02 -5.37608863e+00
  2.06163251e+01 -5.70151612e+00  9.11426594e+02  7.41134355e+01
  2.32910959e+02  0.00000000e+00  8.69726125e+02 -5.70151612e+00
 -9.92638190e+01 -1.16865177e-01 -2.43523315e+02  4.48215661e+01
 -3.32722065e+02 -9.80957341e+00  7.65199412e+01  5.85874930e+00
  8.31805163e+01 -5.03967213e+00  3.77260258e+01 -1.05382004e+01
  2.35882699e+02 -4.66674577e+00  4.44089210e-16 -4.68000403e+00
 -2.99854372e+01  1.23163225e+01  2.13625852e+02  2.42409455e+01
 -5.91514373e+00 -3.10862447e-15  1.19121974e+01  1.19226360e+01
 -1.92354311e+02 -2.52518372e+01  4.25007252e-16  3.00723237e+00
  1.15625434e+00 -6.89731445e+00 -1.76914610e+01 -3.97322706e-03
 -3.09374445e-04  3.03663612e-03  3.12000132e+00  2.84559321e+00
  3.22174001e+00 -3.12366748e+00 -3.02123022e+00  3.05782676e+00]
2020-07-14 13:55:29,604 - srg.agents.base_agent_single - INFO - Reseting game -- New start state [ 0.00000000e+00  0.00000000e+00 -1.00000000e+00  8.17250000e-01
  1.91450000e-01 -5.49100000e-03  0.00000000e+00  0.00000000e+00
  0.00000000e+00  0.00000000e+00  0.00000000e+00  0.00000000e+00
  0.00000000e+00  0.00000000e+00  0.00000000e+00  0.00000000e+00
  0.00000000e+00  0.00000000e+00  0.00000000e+00  0.00000000e+00
  0.00000000e+00  0.00000000e+00  7.77302341e+02 -6.39423732e+01
 -1.37278896e+02  5.58391773e+01  2.85852040e+02 -4.30115340e+01
 -7.79886266e+02  8.06027773e+00 -1.76518896e+02 -3.44868042e+01
 -2.19585437e+02 -1.11022302e-16 -1.83824415e+02  8.06027773e+00
  7.87224096e+02 -1.46316120e+02  5.14708363e+01  1.10786540e+01
 -1.47349934e+02 -7.86382615e+00 -7.92287019e+02  4.74443601e+01
  3.68374835e+01 -6.26094792e+00 -7.94600586e+02 -1.07351402e+01
  1.21178254e+02 -2.89780979e+00  2.22044605e-16 -4.58896594e+01
  7.87248249e+02 -5.40451671e+01  1.12205651e+02  1.95983745e+01
  7.52592627e+01  2.80886425e-14 -7.86953912e+02 -5.35545195e+01
 -6.11313908e+01 -8.12231867e+00  8.67361738e-18  1.19088724e+02
 -3.75713528e+00  5.06237372e+01 -5.80773659e+00 -1.99099655e-03
 -3.12173979e-04  9.53053261e-03  3.16429520e+00  3.34561515e+00
  3.00179219e+00 -3.04658604e+00 -2.79705858e+00  3.17572522e+00]
2020-07-14 13:55:32,133 - srg.agents.base_agent_single - INFO - Reseting game -- New start state [ 0.00000000e+00  0.00000000e+00 -1.00000000e+00  8.17250000e-01
  1.91450000e-01 -5.49100000e-03  0.00000000e+00  0.00000000e+00
  0.00000000e+00  0.00000000e+00  0.00000000e+00  0.00000000e+00
  0.00000000e+00  0.00000000e+00  0.00000000e+00  0.00000000e+00
  0.00000000e+00  0.00000000e+00  0.00000000e+00  0.00000000e+00
  0.00000000e+00  0.00000000e+00 -5.79286978e+02 -5.61220117e+02
 -1.56303786e+03  3.12306180e+01 -4.19764051e+01 -2.30688231e+02
  5.44773397e+02  5.94780101e+02 -1.60227786e+03  1.93507426e+01
 -8.53299763e+00 -2.84217094e-14 -1.66151117e+03  5.94780101e+02
 -4.70198105e+02  1.09627830e+00  4.65223127e+02 -2.34717239e+02
  1.73667378e+03  1.47803697e+02  1.14984825e+02  3.15562196e+00
 -4.34168445e+02  3.13535300e+01  2.47911928e+02  7.16420270e+01
 -1.56121115e+03  3.16966805e+01 -2.22044605e-16 -1.22220347e+00
 -2.38746178e+02 -4.23432486e+01 -1.42258455e+03 -1.66376238e+02
 -1.85919881e+01  7.24420524e-15  2.97445215e+02 -3.78479158e+01
  1.26463533e+03  1.67910945e+02 -8.89696303e-16 -3.37036416e+01
 -3.39048950e+00 -3.44586367e+01  1.12318647e+02  1.80998870e-03
 -3.37943656e-04  3.62100170e-03  3.22838497e+00  3.22385597e+00
  2.84994555e+00 -2.96239495e+00 -3.09331036e+00  2.98941326e+00]
2020-07-14 13:55:34,673 - srg.agents.base_agent_single - INFO - Reseting game -- New start state [ 0.00000000e+00  0.00000000e+00 -1.00000000e+00  8.17250000e-01
  1.91450000e-01 -5.49100000e-03  0.00000000e+00  0.00000000e+00
  0.00000000e+00  0.00000000e+00  0.00000000e+00  0.00000000e+00
  0.00000000e+00  0.00000000e+00  0.00000000e+00  0.00000000e+00
  0.00000000e+00  0.00000000e+00  0.00000000e+00  0.00000000e+00
  0.00000000e+00  0.00000000e+00  3.52041071e+02  3.71628095e+02
 -2.55194582e+02  2.66920288e+01  2.13701611e+02  1.40611805e+02
 -3.35137623e+02 -3.86940732e+02 -2.94434582e+02 -5.16455380e+01
 -1.84797940e+02  0.00000000e+00 -3.08246192e+02 -3.86940732e+02
  3.55928211e+02 -1.42883677e+01  8.63089337e+01  6.02813523e-01
 -5.07914734e+01 -1.03919949e+02 -2.26746100e+02  3.19163652e+00
  1.26978683e+01  2.65927313e+00 -2.19381038e+02 -5.57027827e+01
  9.17400891e+01  2.61431824e+00 -9.99200722e-16 -1.02361762e+00
  2.15220069e+02  3.80003215e+01  8.47767058e+01  6.80049645e+00
  2.55835248e+01  0.00000000e+00 -1.98791164e+02  3.38883824e+01
 -6.51696182e+01 -8.73451014e+00 -8.86443696e-16  2.17851434e+01
  3.24298087e+00  2.31720974e+01 -5.30400108e+00  6.99825941e-03
  7.67554207e-05 -3.04367173e-03  3.02887988e+00  3.17705297e+00
  3.30412722e+00 -3.56799507e+00 -3.14485359e+00  2.91991353e+00]
2020-07-14 13:55:37,212 - srg.agents.base_agent_single - INFO - Reseting game -- New start state [ 0.00000000e+00  0.00000000e+00 -1.00000000e+00  8.17250000e-01
  1.91450000e-01 -5.49100000e-03  0.00000000e+00  0.00000000e+00
  0.00000000e+00  0.00000000e+00  0.00000000e+00  0.00000000e+00
  0.00000000e+00  0.00000000e+00  0.00000000e+00  0.00000000e+00
  0.00000000e+00  0.00000000e+00  0.00000000e+00  0.00000000e+00
  0.00000000e+00  0.00000000e+00 -3.21818576e+02  1.62958574e+02
  3.48225705e+02 -2.29213593e+01 -9.85092220e+01  9.20414643e+01
  3.29481169e+02 -1.46849758e+02  3.08985705e+02  4.93041070e+00
  7.01457107e+01 -5.55111512e-17  2.59896229e+02 -1.46849758e+02
 -3.39662952e+02  9.62112560e+01 -7.27709440e+01  2.68850851e+01
 -1.69752889e+02 -1.30392021e+01  4.07593907e+02 -3.68949379e+01
  4.24382222e+01 -3.53705970e+00  4.02370368e+02  9.70634083e+00
  1.63296350e+02 -4.89781073e+00 -1.11022302e-16  3.25508480e+01
 -4.03753196e+02  1.27745157e+01  1.49554260e+02  1.66032063e+01
 -3.64582562e+01  5.55111512e-17  4.01507269e+02  1.09216398e+01
 -1.63425458e+02 -2.23203952e+01 -4.44089210e-16 -6.78748853e+01
  1.12524725e+00 -1.66779403e+01 -1.29503329e+01  4.32449530e-03
  7.52151730e-04 -9.44561064e-03  3.08534026e+00  3.29472637e+00
  3.45193148e+00 -3.07980943e+00 -3.20345807e+00  3.05492759e+00]
2020-07-14 13:55:39,823 - srg.agents.base_agent_single - INFO - Reseting game -- New start state [ 0.00000000e+00  0.00000000e+00 -1.00000000e+00  8.17250000e-01
  1.91450000e-01 -5.49100000e-03  0.00000000e+00  0.00000000e+00
  0.00000000e+00  0.00000000e+00  0.00000000e+00  0.00000000e+00
  0.00000000e+00  0.00000000e+00  0.00000000e+00  0.00000000e+00
  0.00000000e+00  0.00000000e+00  0.00000000e+00  0.00000000e+00
  0.00000000e+00  0.00000000e+00 -9.04523344e+01 -3.18688864e+02
  3.52132797e+02  2.03232681e+01 -2.23904527e+01 -1.24161643e+02
  7.47276457e+01  3.22738278e+02  3.12892797e+02  7.37901602e+00
  1.47050559e+01 -1.42108547e-14  2.72783916e+02  3.22738278e+02
 -8.76264305e+01 -2.10525383e+01 -7.63794964e+01  3.54647033e+01
 -2.09743098e+02  8.97182957e+01 -1.46196733e+01  3.41185894e+00
  5.24357745e+01 -8.92519805e+00 -2.78237502e+01  4.95304600e+01
  1.83835539e+02 -8.56646677e+00  8.88178420e-16 -6.04432397e+00
  2.48816755e+01 -4.72102065e+01  1.68035112e+02  2.49988941e+01
  9.23595929e+00 -5.55111512e-16 -4.80523569e+01 -4.37837073e+01
 -1.50111669e+02 -2.01793826e+01  8.91647867e-16  9.84020831e+00
 -3.89869107e+00 -1.07885539e+00 -1.31438315e+01  6.10115431e-03
  1.06287335e-04  2.14009033e-03  3.24089146e+00  3.16178656e+00
  3.32837796e+00 -3.21993876e+00 -3.23014879e+00  2.91896868e+00]
2020-07-14 13:55:42,408 - srg.agents.base_agent_single - INFO - Reseting game -- New start state [ 0.00000000e+00  0.00000000e+00 -1.00000000e+00  8.17250000e-01
  1.91450000e-01 -5.49100000e-03  0.00000000e+00  0.00000000e+00
  0.00000000e+00  0.00000000e+00  0.00000000e+00  0.00000000e+00
  0.00000000e+00  0.00000000e+00  0.00000000e+00  0.00000000e+00
  0.00000000e+00  0.00000000e+00  0.00000000e+00  0.00000000e+00
  0.00000000e+00  0.00000000e+00 -5.50553706e+01  1.20045961e+02
  1.15908385e+03 -1.28361258e+02 -2.98599554e+02  5.16317446e+01
  6.56150179e+01 -1.14615863e+02  1.11984385e+03  9.08041143e+01
  3.03071551e+02  0.00000000e+00  1.07458157e+03 -1.14615863e+02
 -1.53797072e+02  3.24679992e+01 -3.00882841e+02  5.12995956e+01
 -3.85045630e+02 -2.89690310e+01  1.89429005e+02 -7.05526806e+00
  9.62614074e+01 -4.32587252e+00  1.50223511e+02 -1.44482300e+01
  2.72100004e+02 -4.92291923e+00  4.44089210e-16  6.97609745e+00
 -1.41534385e+02  2.40395811e+01  2.47180295e+02  2.70882789e+01
 -1.16340071e+01 -3.21964677e-15  1.22899640e+02  2.21859855e+01
 -2.31095324e+02 -3.05202473e+01  2.35922393e-16 -1.80602201e+01
  2.01390817e+00 -8.90789805e+00 -2.08105557e+01  2.19197661e-03
 -9.71720531e-05 -1.13009797e-03  3.10089993e+00  2.90520167e+00
  3.25005174e+00 -2.99163580e+00 -3.14484477e+00  2.86702418e+00]
2020-07-14 13:55:44,987 - srg.agents.base_agent_single - INFO - Reseting game -- New start state [ 0.00000000e+00  0.00000000e+00 -1.00000000e+00  8.17250000e-01
  1.91450000e-01 -5.49100000e-03  0.00000000e+00  0.00000000e+00
  0.00000000e+00  0.00000000e+00  0.00000000e+00  0.00000000e+00
  0.00000000e+00  0.00000000e+00  0.00000000e+00  0.00000000e+00
  0.00000000e+00  0.00000000e+00  0.00000000e+00  0.00000000e+00
  0.00000000e+00  0.00000000e+00  5.12456972e+02 -3.70001976e+01
  1.38698789e+03  3.78785369e+01  1.34053543e+02 -2.32432319e+01
 -5.13733577e+02  7.67946915e+00  1.34774789e+03 -2.94778323e+01
 -9.01936672e+01  0.00000000e+00  1.35785692e+03  7.67946915e+00
  3.74232820e+02 -6.86691758e+01 -3.80199938e+02  2.16198216e+02
 -1.55332339e+03 -5.05781045e+00 -3.08885576e+02  1.74504933e+01
  3.88330847e+02 -3.37447288e+01 -4.15966445e+02 -7.63202249e+00
  1.40563489e+03 -3.23740126e+01 -3.55271368e-15 -1.86761638e+01
  4.01209722e+02 -4.05171476e+01  1.28020277e+03  1.57341328e+02
  3.96325252e+01  0.00000000e+00 -4.55230540e+02 -3.87002975e+01
 -1.13044214e+03 -1.50165530e+02  4.46257614e-16  6.47143967e+01
 -3.41879567e+00  3.47301384e+01 -1.00864468e+02  1.18734609e-03
  1.66608090e-04  2.73044939e-03  3.33080912e+00  3.32194877e+00
  3.37693381e+00 -2.96738529e+00 -3.00300670e+00  3.41547799e+00]
2020-07-14 13:55:47,610 - srg.agents.base_agent_single - INFO - Reseting game -- New start state [ 0.00000000e+00  0.00000000e+00 -1.00000000e+00  8.17250000e-01
  1.91450000e-01 -5.49100000e-03  0.00000000e+00  0.00000000e+00
  0.00000000e+00  0.00000000e+00  0.00000000e+00  0.00000000e+00
  0.00000000e+00  0.00000000e+00  0.00000000e+00  0.00000000e+00
  0.00000000e+00  0.00000000e+00  0.00000000e+00  0.00000000e+00
  0.00000000e+00  0.00000000e+00  4.78023136e+01 -1.18509077e+01
  6.23114845e+02 -6.80953399e+00 -2.60488295e+01 -5.25134514e+00
 -4.81522885e+01  1.03374229e+01  5.83874845e+02  6.90629283e+00
  3.05438406e+01  0.00000000e+00  5.49371478e+02  1.03374229e+01
  1.87381641e+01 -5.22810640e+00 -1.53824014e+02  6.80151880e+01
 -4.82324532e+02  2.45867942e+00 -2.95169805e+00  6.94754541e-01
  1.20581133e+02 -1.03905794e+01 -3.62043486e+01  9.94748877e-01
  4.29049178e+02 -1.03047411e+01  3.33066907e-16 -1.44616332e+00
  3.33421724e+01 -2.72534893e+00  3.90610384e+02  4.69519620e+01
  4.15798116e+00 -3.33066907e-16 -4.56418616e+01 -2.40766550e+00
 -3.50587271e+02 -4.64954888e+01  2.22044605e-16  6.47492099e+00
 -2.23215599e-01  3.41274019e+00 -3.13746985e+01  1.19936579e-03
 -1.84693341e-05  2.33605976e-04  3.40422583e+00  3.21635127e+00
  3.36150360e+00 -3.24798489e+00 -3.10174751e+00  3.08917832e+00]
2020-07-14 13:55:50,236 - srg.agents.base_agent_single - INFO - Reseting game -- New start state [ 0.00000000e+00  0.00000000e+00 -1.00000000e+00  8.17250000e-01
  1.91450000e-01 -5.49100000e-03  0.00000000e+00  0.00000000e+00
  0.00000000e+00  0.00000000e+00  0.00000000e+00  0.00000000e+00
  0.00000000e+00  0.00000000e+00  0.00000000e+00  0.00000000e+00
  0.00000000e+00  0.00000000e+00  0.00000000e+00  0.00000000e+00
  0.00000000e+00  0.00000000e+00 -2.47570042e+02 -2.24212932e+01
  9.14996587e+02 -7.03377255e+01 -2.56296223e+02  6.19164593e+00
  2.45864918e+02  3.66617316e+01  8.75756587e+02  5.87083705e+01
  2.38005064e+02  0.00000000e+00  8.13181860e+02  3.66617316e+01
 -3.22299889e+02  5.48580396e+01 -2.27690921e+02  5.14357533e+01
 -3.26359740e+02  2.32669791e+01  3.30068978e+02 -1.82163693e+01
  8.15899349e+01 -7.42141058e+00  3.00392625e+02  2.06749522e+01
  2.49938533e+02 -8.13762571e+00  1.11022302e-16  1.51920721e+01
 -2.92519559e+02 -3.13681001e-01  2.27305666e+02  2.71019313e+01
 -3.27036323e+01 -2.22044605e-16  2.68208244e+02 -6.49838141e-01
 -2.24133437e+02 -2.99251713e+01  8.77770079e-16 -4.01078908e+01
 -3.12408965e-02 -1.73056809e+01 -1.95594887e+01 -5.47232650e-03
  2.35407563e-04 -2.81670561e-03  3.20917606e+00  2.98676038e+00
  3.28456903e+00 -3.00660586e+00 -3.09638023e+00  3.15916586e+00]
2020-07-14 13:55:52,803 - srg.agents.base_agent_single - INFO - Reseting game -- New start state [ 0.00000000e+00  0.00000000e+00 -1.00000000e+00  8.17250000e-01
  1.91450000e-01 -5.49100000e-03  0.00000000e+00  0.00000000e+00
  0.00000000e+00  0.00000000e+00  0.00000000e+00  0.00000000e+00
  0.00000000e+00  0.00000000e+00  0.00000000e+00  0.00000000e+00
  0.00000000e+00  0.00000000e+00  0.00000000e+00  0.00000000e+00
  0.00000000e+00  0.00000000e+00 -3.81366682e+01 -3.07141093e+02
 -1.03756301e+03  9.92579699e-01  3.34387683e+01 -1.47015652e+02
  2.41090210e+01  3.08559252e+02 -1.07680301e+03  2.80421808e+01
 -3.55988129e+01  1.42108547e-14 -1.11273756e+03  3.08559252e+02
  3.72558416e+01 -6.59389833e+01  3.11566517e+02 -1.71123549e+02
  1.20276743e+03  7.17879133e+01 -3.04194902e+02  3.41647511e+01
 -3.00691857e+02  2.22403157e+01 -2.93719840e+02  3.11230050e+01
 -1.10440566e+03  2.28679323e+01  0.00000000e+00 -3.33089810e+01
  2.94690534e+02 -5.24539474e+01 -1.00602454e+03 -1.14328677e+02
  2.95090092e+01  7.32747196e-15 -2.37506201e+02 -4.94763825e+01
  9.27751214e+02  1.23416376e+02  8.32667268e-17  5.02118992e+01
 -3.43481462e+00 -4.05897414e+00  8.15822148e+01 -5.22287633e-04
 -5.45332870e-04  1.21113651e-02  3.58067584e+00  3.03099275e+00
  2.92325926e+00 -3.26954746e+00 -2.77479267e+00  2.84399509e+00]
2020-07-14 13:55:55,400 - srg.agents.base_agent_single - INFO - Reseting game -- New start state [ 0.00000000e+00  0.00000000e+00 -1.00000000e+00  8.17250000e-01
  1.91450000e-01 -5.49100000e-03  0.00000000e+00  0.00000000e+00
  0.00000000e+00  0.00000000e+00  0.00000000e+00  0.00000000e+00
  0.00000000e+00  0.00000000e+00  0.00000000e+00  0.00000000e+00
  0.00000000e+00  0.00000000e+00  0.00000000e+00  0.00000000e+00
  0.00000000e+00  0.00000000e+00  2.80085741e+02  9.76210929e+01
 -5.23496566e+02  5.10911847e+01  2.14476396e+02  3.39575834e+01
 -2.71796827e+02 -1.18761885e+02 -5.62736566e+02 -4.51224697e+01
 -1.93523271e+02  0.00000000e+00 -5.71377444e+02 -1.18761885e+02
  3.25948684e+02 -3.99452783e+01  1.59985684e+02 -3.57912320e+01
  2.32856668e+02 -3.09063130e+01 -3.09981201e+02  9.99573945e+00
 -5.82141670e+01  4.70742103e+00 -2.94576253e+02 -1.59306499e+01
 -1.75333790e+02  5.18302792e+00  0.00000000e+00 -9.28283376e+00
  2.92207566e+02 -3.93094818e+00 -1.57536930e+02 -1.77427617e+01
  3.39832193e+01  3.77475828e-15 -2.77757663e+02 -5.14603722e+00
  1.54416213e+02  2.00907917e+01 -9.22872889e-16  3.55873423e+01
 -4.13815122e-01  2.57944503e+01  1.47186742e+01  6.32994704e-03
  4.24862044e-04 -8.84042193e-04  3.10062075e+00  3.24298429e+00
  3.04655123e+00 -2.97627521e+00 -3.15565205e+00  3.11963391e+00]
2020-07-14 13:55:57,997 - srg.agents.base_agent_single - INFO - Reseting game -- New start state [ 0.00000000e+00  0.00000000e+00 -1.00000000e+00  8.17250000e-01
  1.91450000e-01 -5.49100000e-03  0.00000000e+00  0.00000000e+00
  0.00000000e+00  0.00000000e+00  0.00000000e+00  0.00000000e+00
  0.00000000e+00  0.00000000e+00  0.00000000e+00  0.00000000e+00
  0.00000000e+00  0.00000000e+00  0.00000000e+00  0.00000000e+00
  0.00000000e+00  0.00000000e+00 -1.08668541e+01 -6.84823237e+01
  2.25899635e+03 -8.87170533e+01 -3.16501532e+02 -1.37590637e+01
  6.71317531e+00  6.90134078e+01  2.21975635e+03  7.56031614e+01
  3.20681141e+02  0.00000000e+00  2.16751228e+03  6.90134078e+01
 -2.63496327e+02  3.27663407e+01 -6.06903438e+02  2.20972582e+02
 -1.54515046e+03  2.31048841e+01  3.15651314e+02 -1.21553801e+01
  3.86287614e+02 -3.26796447e+01  2.21288416e+02  1.51262680e+01
  1.33068529e+03 -3.31799180e+01 -1.11022302e-16  9.29203228e+00
 -2.13851643e+02 -2.28521705e+00  1.21111766e+03  1.45013923e+02
 -1.83404305e+01  8.88178420e-16  1.41277676e+02 -2.01035346e+00
 -1.10167415e+03 -1.46241746e+02  4.44089210e-16 -2.07728892e+01
 -7.96285209e-02 -1.01286892e+01 -9.82032400e+01  1.65255643e-03
  9.52142886e-05 -1.29557318e-03  3.12261271e+00  2.83832908e+00
  3.35898662e+00 -3.20742869e+00 -3.06171536e+00  3.03384471e+00]
2020-07-14 13:56:00,596 - srg.agents.base_agent_single - INFO - Reseting game -- New start state [ 0.00000000e+00  0.00000000e+00 -1.00000000e+00  8.17250000e-01
  1.91450000e-01 -5.49100000e-03  0.00000000e+00  0.00000000e+00
  0.00000000e+00  0.00000000e+00  0.00000000e+00  0.00000000e+00
  0.00000000e+00  0.00000000e+00  0.00000000e+00  0.00000000e+00
  0.00000000e+00  0.00000000e+00  0.00000000e+00  0.00000000e+00
  0.00000000e+00  0.00000000e+00  3.06854183e+01 -1.65949498e+02
  1.19521296e+03  6.60469115e+01  8.52188648e+01 -5.41199358e+01
 -3.93796815e+01  1.64103843e+02  1.15597296e+03 -4.68374241e+01
 -8.50668288e+01  0.00000000e+00  1.12036748e+03  1.64103843e+02
 -1.31242919e+00 -5.75871735e+00 -3.13702894e+02  2.00955992e+02
 -1.38671155e+03  5.33589386e+01  6.31443454e+00 -7.77618428e+00
  3.46677888e+02 -3.41370409e+01 -7.27821115e+01  3.44801485e+01
  1.29229790e+03 -3.43738437e+01  0.00000000e+00  3.02939385e+00
  6.24680753e+01 -3.60598995e+01  1.17835739e+03  1.44696316e+02
  9.20317596e+00  1.72084569e-15 -1.24443343e+02 -3.39559707e+01
 -1.05889737e+03 -1.40999444e+02  4.47558657e-16  1.17720809e+01
 -2.96127937e+00  1.71370975e+01 -9.35864407e+01  3.22423377e-03
  4.95601732e-04 -3.07803470e-03  3.11554790e+00  3.06474614e+00
  3.16546345e+00 -3.05611753e+00 -3.21380997e+00  3.04210949e+00]
2020-07-14 13:56:03,180 - srg.agents.base_agent_single - INFO - Reseting game -- New start state [ 0.00000000e+00  0.00000000e+00 -1.00000000e+00  8.17250000e-01
  1.91450000e-01 -5.49100000e-03  0.00000000e+00  0.00000000e+00
  0.00000000e+00  0.00000000e+00  0.00000000e+00  0.00000000e+00
  0.00000000e+00  0.00000000e+00  0.00000000e+00  0.00000000e+00
  0.00000000e+00  0.00000000e+00  0.00000000e+00  0.00000000e+00
  0.00000000e+00  0.00000000e+00 -3.68049569e+02  1.02747832e+03
 -7.32678323e+02 -1.37923420e+02 -2.21402690e+02  4.00930986e+02
  4.43933713e+02 -9.97043146e+02 -7.71918323e+02  3.20668756e+01
  1.91525688e+02  0.00000000e+00 -8.58034319e+02 -9.97043146e+02
 -3.37736963e+02  1.57130719e+02  2.40249609e+02 -1.98861601e+02
  1.29350390e+03 -2.71696505e+02  5.43813354e+02 -3.55768837e+01
 -3.23375976e+02  4.64657398e+01  6.18518393e+02 -1.49745008e+02
 -1.18044836e+03  4.32976625e+01  3.55271368e-15  4.49917028e+01
 -6.07634565e+02  1.55725662e+02 -1.07795284e+03 -1.45649884e+02
 -6.80195258e+01 -2.22044605e-16  6.99996005e+02  1.42479130e+02
  9.35864970e+02  1.25064286e+02  6.93889390e-18 -1.09193224e+02
  1.32268375e+01 -4.00260819e+01  8.23616042e+01 -5.49563744e-03
 -3.13673951e-04 -1.03906850e-02  2.85892034e+00  3.02889729e+00
  2.90674686e+00 -3.30388594e+00 -3.17695451e+00  3.20843482e+00]
2020-07-14 13:56:05,767 - srg.agents.base_agent_single - INFO - Reseting game -- New start state [ 0.00000000e+00  0.00000000e+00 -1.00000000e+00  8.17250000e-01
  1.91450000e-01 -5.49100000e-03  0.00000000e+00  0.00000000e+00
  0.00000000e+00  0.00000000e+00  0.00000000e+00  0.00000000e+00
  0.00000000e+00  0.00000000e+00  0.00000000e+00  0.00000000e+00
  0.00000000e+00  0.00000000e+00  0.00000000e+00  0.00000000e+00
  0.00000000e+00  0.00000000e+00 -4.65245097e+02 -2.20559998e+02
 -6.57917685e+02  4.28780934e+00 -5.48822249e+01 -8.98013407e+01
  4.51370045e+02  2.47719187e+02 -6.97157685e+02  1.45566541e+01
  1.42883705e+01  1.42108547e-14 -7.76658885e+02  2.47719187e+02
 -3.72144689e+02  2.98787985e+01  2.17464488e+02 -1.10672637e+02
  8.42241193e+02  7.24252182e+01  1.98890945e+02 -5.65769889e+00
 -2.10560298e+02  1.45944374e+01  2.30204742e+02  4.21029853e+01
 -7.55134634e+02  1.44834873e+01  1.11022302e-16  4.07064556e+00
 -2.24104564e+02 -2.77593676e+01 -6.88413426e+02 -7.97189328e+01
 -2.23644082e+01 -3.55271368e-15  2.41581981e+02 -2.52715212e+01
  6.08125225e+02  8.06134993e+01 -2.08166817e-17 -2.94962297e+01
 -2.23797366e+00 -2.48221590e+01  5.42761931e+01 -1.90158411e-03
 -3.89808528e-05  1.66543594e-03  3.17761421e+00  3.17731285e+00
  2.98551536e+00 -3.30769563e+00 -3.38422513e+00  3.07117701e+00]
2020-07-14 13:56:08,365 - srg.agents.base_agent_single - INFO - Reseting game -- New start state [ 0.00000000e+00  0.00000000e+00 -1.00000000e+00  8.17250000e-01
  1.91450000e-01 -5.49100000e-03  0.00000000e+00  0.00000000e+00
  0.00000000e+00  0.00000000e+00  0.00000000e+00  0.00000000e+00
  0.00000000e+00  0.00000000e+00  0.00000000e+00  0.00000000e+00
  0.00000000e+00  0.00000000e+00  0.00000000e+00  0.00000000e+00
  0.00000000e+00  0.00000000e+00 -4.33790236e+00  2.00615716e+02
  1.12015784e+02  1.41441362e-01  3.38303695e+01  8.55764934e+01
  1.36516330e+01 -2.00197692e+02  7.27757837e+01 -1.64193256e+01
 -3.50175908e+01  0.00000000e+00  3.57781765e+01 -2.00197692e+02
 -1.53945064e+01  3.16196267e+01 -1.00178894e+01  1.71678653e+01
 -1.31421440e+02 -4.73434488e+01  9.52218848e+01 -1.18485848e+01
  3.28553599e+01 -6.67731048e-01  9.24930679e+01 -2.11362302e+01
  1.42876431e+02 -1.57212762e+00  0.00000000e+00  1.16057730e+01
 -9.69554427e+01  2.38467464e+01  1.30114553e+02  1.31263029e+01
 -1.00806446e+01 -1.66533454e-15  1.00317586e+02  2.17204111e+01
 -1.25477555e+02 -1.67817480e+01 -3.43475248e-16 -1.90374868e+01
  2.03266565e+00 -1.33058201e+00 -1.06845792e+01  8.38501379e-04
  1.93325095e-04 -3.70563116e-03  3.07825661e+00  3.18903494e+00
  3.30321646e+00 -3.29135156e+00 -3.26329350e+00  2.97740936e+00]
2020-07-14 13:56:10,934 - srg.agents.base_agent_single - INFO - Reseting game -- New start state [ 0.00000000e+00  0.00000000e+00 -1.00000000e+00  8.17250000e-01
  1.91450000e-01 -5.49100000e-03  0.00000000e+00  0.00000000e+00
  0.00000000e+00  0.00000000e+00  0.00000000e+00  0.00000000e+00
  0.00000000e+00  0.00000000e+00  0.00000000e+00  0.00000000e+00
  0.00000000e+00  0.00000000e+00  0.00000000e+00  0.00000000e+00
  0.00000000e+00  0.00000000e+00  9.40736942e+01 -4.22502425e+01
 -3.42151069e+02  7.79953943e+01  2.23839173e+02 -5.49868367e+00
 -9.55840296e+01  3.87122232e+01 -3.81391069e+02 -6.61411586e+01
 -2.18070217e+02  8.88178420e-16 -4.11533367e+02  3.87122232e+01
  1.19331126e+02 -7.03313835e+00  1.15229343e+02  1.04381652e+01
 -4.17009154e+01  2.95076645e+01 -1.28250255e+02 -6.52293206e+00
  1.04252288e+01 -5.49851539e+00 -1.30379978e+02  2.78363669e+01
  9.69708704e+01 -5.69590378e+00  0.00000000e+00  2.31107285e+00
  1.23497893e+02 -3.91516921e+01  9.24852526e+01  1.60976825e+01
  1.88659992e+01  7.17481630e-15 -1.23290584e+02 -3.86802284e+01
 -8.36022834e+01 -1.20091748e+01  8.95117314e-16  1.02253285e+01
 -3.31718754e+00  1.84441024e+01 -5.53135663e+00  7.42909416e-03
  9.11503638e-04 -4.02585876e-03  3.14613247e+00  3.10779786e+00
  3.28267288e+00 -3.04291677e+00 -3.17044163e+00  3.23461866e+00]
2020-07-14 13:56:13,564 - srg.agents.base_agent_single - INFO - Reseting game -- New start state [ 0.00000000e+00  0.00000000e+00 -1.00000000e+00  8.17250000e-01
  1.91450000e-01 -5.49100000e-03  0.00000000e+00  0.00000000e+00
  0.00000000e+00  0.00000000e+00  0.00000000e+00  0.00000000e+00
  0.00000000e+00  0.00000000e+00  0.00000000e+00  0.00000000e+00
  0.00000000e+00  0.00000000e+00  0.00000000e+00  0.00000000e+00
  0.00000000e+00  0.00000000e+00  2.95213594e+02 -4.82811562e+02
 -3.92504723e+02  1.23497587e+02  2.97402641e+02 -2.02432749e+02
 -3.30186364e+02  4.59603128e+02 -4.31744723e+02 -6.01374378e+01
 -2.76298878e+02  0.00000000e+00 -4.43758878e+02  4.59603128e+02
  3.62165911e+02 -1.16717692e+02  1.24252486e+02  1.37809530e+01
 -6.17197584e+01  1.22529315e+02 -5.35037930e+02  3.19746010e+01
  1.54299396e+01 -1.05621641e+01 -5.36950103e+02  6.45205009e+01
  9.48113314e+01 -8.35707744e+00 -6.66133815e-16 -3.47072410e+01
  5.26004517e+02 -1.07694355e+02  8.89787885e+01  2.20276351e+01
  5.71173952e+01 -2.22044605e-16 -5.41508350e+02 -1.02792807e+02
 -7.13506621e+01 -1.02240873e+01 -1.38777878e-17  8.37697935e+01
 -8.29836266e+00  3.17301217e+01 -5.33956990e+00  4.26012412e-03
  4.32484051e-04  7.67961492e-03  3.19488049e+00  3.01579285e+00
  3.44202232e+00 -3.07043099e+00 -2.82983065e+00  3.35718060e+00]
2020-07-14 13:56:16,223 - srg.agents.base_agent_single - INFO - Reseting game -- New start state [ 0.00000000e+00  0.00000000e+00 -1.00000000e+00  8.17250000e-01
  1.91450000e-01 -5.49100000e-03  0.00000000e+00  0.00000000e+00
  0.00000000e+00  0.00000000e+00  0.00000000e+00  0.00000000e+00
  0.00000000e+00  0.00000000e+00  0.00000000e+00  0.00000000e+00
  0.00000000e+00  0.00000000e+00  0.00000000e+00  0.00000000e+00
  0.00000000e+00  0.00000000e+00 -1.25881404e+02 -4.11523662e+01
  9.87088182e+02 -5.07256506e+01 -1.86945421e+02 -1.55521439e+01
  1.23901536e+02  4.67766462e+01  9.47848182e+02  4.64302893e+01
  1.77992205e+02 -3.55271368e-15  8.99943206e+02  4.67766462e+01
 -1.90733779e+02  2.02414678e+01 -2.51984098e+02  7.70870865e+01
 -5.39772321e+02  1.05612065e+01  1.98963591e+02 -3.68464020e+00
  1.34943080e+02 -1.06989548e+01  1.57491512e+02  4.19842192e+00
  4.53611742e+02 -1.09200680e+01  2.22044605e-16  3.11531800e+00
 -1.54218693e+02  8.07057070e+00  4.11320032e+02  4.79036258e+01
 -1.87791563e+01  3.55271368e-15  1.36167638e+02  8.38857700e+00
 -3.74201103e+02 -4.93153584e+01 -8.98586761e-16 -1.58844803e+01
  7.84234893e-01 -1.46457696e+01 -3.41512163e+01 -4.38756769e-03
 -3.64584082e-04  1.46904889e-03  3.14901567e+00  3.03165078e+00
  3.34937024e+00 -3.31924319e+00 -3.01902437e+00  3.23383331e+00]
2020-07-14 13:56:18,842 - srg.agents.base_agent_single - INFO - Reseting game -- New start state [ 0.00000000e+00  0.00000000e+00 -1.00000000e+00  8.17250000e-01
  1.91450000e-01 -5.49100000e-03  0.00000000e+00  0.00000000e+00
  0.00000000e+00  0.00000000e+00  0.00000000e+00  0.00000000e+00
  0.00000000e+00  0.00000000e+00  0.00000000e+00  0.00000000e+00
  0.00000000e+00  0.00000000e+00  0.00000000e+00  0.00000000e+00
  0.00000000e+00  0.00000000e+00 -2.58535753e+01 -1.02707993e+03
  1.17031359e+03  1.74978774e+02  2.04352608e+02 -3.93206885e+02
 -2.05355862e+01  1.02720002e+03  1.13107359e+03 -7.39917232e+01
 -2.10211983e+02  5.67323966e-14  1.09361534e+03  1.02720002e+03
 -5.44333094e+01 -8.89067286e+01 -3.06212296e+02  2.49068276e+02
 -1.61123658e+03  2.90832270e+02 -1.73352580e+02  6.63691756e+00
  4.02809144e+02 -5.26753983e+01 -3.16959967e+02  1.64149908e+02
  1.50405713e+03 -5.07094017e+01 -5.32907052e-15 -1.98035412e+01
  2.92650165e+02 -1.65226010e+02  1.37179990e+03  1.80495638e+02
  3.94161072e+01  6.99440506e-15 -4.11442659e+02 -1.52221671e+02
 -1.21240547e+03 -1.61709683e+02 -1.79023463e-15  6.01953869e+01
 -1.35509831e+01  2.82518919e+01 -1.07420360e+02  8.88839064e-03
  4.51493288e-04  3.47609624e-03  3.42648411e+00  3.12812161e+00
  3.09242058e+00 -3.39161754e+00 -3.27345204e+00  3.03179574e+00]
2020-07-14 13:56:21,436 - srg.agents.base_agent_single - INFO - Reseting game -- New start state [ 0.00000000e+00  0.00000000e+00 -1.00000000e+00  8.17250000e-01
  1.91450000e-01 -5.49100000e-03  0.00000000e+00  0.00000000e+00
  0.00000000e+00  0.00000000e+00  0.00000000e+00  0.00000000e+00
  0.00000000e+00  0.00000000e+00  0.00000000e+00  0.00000000e+00
  0.00000000e+00  0.00000000e+00  0.00000000e+00  0.00000000e+00
  0.00000000e+00  0.00000000e+00  5.65406485e+01 -3.66610035e+01
 -5.89015046e+02  4.08171460e+01  1.35511059e+02 -8.51903977e+00
 -5.87684824e+01  3.29717998e+01 -6.28255046e+02 -2.91317137e+01
 -1.32603320e+02 -2.77555756e-17 -6.60119900e+02  3.29717998e+01
  9.65653866e+01 -1.06540920e+01  1.84833572e+02 -6.01115762e+01
  4.37909280e+02  1.69663250e+01 -1.43592380e+02 -2.14653509e+00
 -1.09477320e+02  7.08196589e+00 -1.14670819e+02  1.43963741e+01
 -3.67370567e+02  7.03482996e+00  0.00000000e+00  8.81100222e-01
  1.09869975e+02 -2.25476990e+01 -3.31981948e+02 -3.68219827e+01
  1.61078470e+01 -2.22044605e-15 -8.88421648e+01 -2.24484479e+01
  3.02562882e+02  3.95083611e+01 -1.78676518e-15  7.28727639e+00
 -1.89577352e+00  1.34047729e+01  2.83895781e+01  5.93303969e-03
  6.38582175e-04 -3.00126801e-03  3.14439845e+00  3.07911754e+00
  2.92864585e+00 -2.95544863e+00 -3.11569619e+00  3.15829539e+00]
2020-07-14 13:56:24,036 - srg.agents.base_agent_single - INFO - Reseting game -- New start state [ 0.00000000e+00  0.00000000e+00 -1.00000000e+00  8.17250000e-01
  1.91450000e-01 -5.49100000e-03  0.00000000e+00  0.00000000e+00
  0.00000000e+00  0.00000000e+00  0.00000000e+00  0.00000000e+00
  0.00000000e+00  0.00000000e+00  0.00000000e+00  0.00000000e+00
  0.00000000e+00  0.00000000e+00  0.00000000e+00  0.00000000e+00
  0.00000000e+00  0.00000000e+00  2.49965719e+02  3.92392613e+02
  2.47062564e+02 -3.75612361e+01  2.04592826e+01  1.46120585e+02
 -2.11927617e+02 -4.14175698e+02  2.07822564e+02  2.39248994e+00
  2.06172245e+00  0.00000000e+00  1.84488836e+02 -4.14175698e+02
  2.00744123e+02  1.14877041e+00 -5.16568742e+01  1.35852343e+01
 -1.62415008e+02 -1.22331312e+02 -6.55350083e+01  4.97164512e+00
  4.06037519e+01  3.12119480e+00 -7.21630417e+01 -7.26562884e+01
  1.42348870e+02  3.05614837e+00  1.44328993e-15 -3.85719857e-01
  7.25669637e+01  6.23677454e+01  1.28367238e+02  9.10452943e+00
  2.79109367e+00 -7.21644966e-15 -6.42610265e+01  5.76688007e+01
 -1.08374246e+02 -1.39141272e+01  8.88178420e-16  8.20979114e+00
  5.16622404e+00  6.52036447e+00 -1.03522955e+01 -2.68326165e-03
 -3.15648348e-04 -2.06912335e-04  2.93473625e+00  3.29841781e+00
  3.16550899e+00 -3.17538834e+00 -2.96467686e+00  3.20103097e+00]
2020-07-14 13:56:26,610 - srg.agents.base_agent_single - INFO - Reseting game -- New start state [ 0.00000000e+00  0.00000000e+00 -1.00000000e+00  8.17250000e-01
  1.91450000e-01 -5.49100000e-03  0.00000000e+00  0.00000000e+00
  0.00000000e+00  0.00000000e+00  0.00000000e+00  0.00000000e+00
  0.00000000e+00  0.00000000e+00  0.00000000e+00  0.00000000e+00
  0.00000000e+00  0.00000000e+00  0.00000000e+00  0.00000000e+00
  0.00000000e+00  0.00000000e+00  8.72114456e+01 -2.93597738e+02
  4.54459991e+02  5.70292848e+01  1.00115099e+02 -1.15973962e+02
 -1.05034896e+02  2.87703213e+02  4.15219991e+02 -2.51372720e+01
 -9.40561310e+01  0.00000000e+00  3.87002221e+02  2.87703213e+02
  6.96005945e+01 -4.11247782e+01 -1.08360622e+02  8.82255818e+01
 -5.83160809e+02  8.13727517e+01 -1.64841721e+02  7.35380534e+00
  1.45790202e+02 -1.84433692e+01 -1.91248969e+02  4.59854372e+01
  5.51050249e+02 -1.79460715e+01  3.77475828e-15 -1.03668608e+01
  1.86330070e+02 -5.62280864e+01  5.04121089e+02  6.65570375e+01
  2.10452769e+01  0.00000000e+00 -2.14676003e+02 -5.32540385e+01
 -4.49260494e+02 -6.02268362e+01  8.98586761e-16  3.03942392e+01
 -4.70239992e+00  1.64077339e+01 -3.90315701e+01  1.69991859e-03
  5.32796081e-04  1.21170192e-03  3.41382885e+00  3.12119341e+00
  3.18338752e+00 -3.23168468e+00 -3.45973635e+00  3.25019169e+00]
2020-07-14 13:56:29,281 - srg.agents.base_agent_single - INFO - Reseting game -- New start state [ 0.00000000e+00  0.00000000e+00 -1.00000000e+00  8.17250000e-01
  1.91450000e-01 -5.49100000e-03  0.00000000e+00  0.00000000e+00
  0.00000000e+00  0.00000000e+00  0.00000000e+00  0.00000000e+00
  0.00000000e+00  0.00000000e+00  0.00000000e+00  0.00000000e+00
  0.00000000e+00  0.00000000e+00  0.00000000e+00  0.00000000e+00
  0.00000000e+00  0.00000000e+00 -3.09347247e+01 -1.59629297e+01
 -3.83557802e+02  5.20614974e+01  1.46313473e+02 -4.32341691e+00
  3.02603347e+01  1.72071049e+01 -4.22797802e+02 -4.45372781e+01
 -1.51006624e+02  0.00000000e+00 -4.60080290e+02  1.72071049e+01
  3.13877569e+00  3.35870597e+00  1.28822481e+02 -1.77717078e+01
  1.38691080e+02  7.43168835e+00 -3.32047847e+01 -5.49829574e+00
 -3.46727701e+01  1.68819380e+00 -1.64562597e+01  5.77133977e+00
 -7.97962061e+01  1.47269436e+00 -3.88578059e-16  4.96613221e+00
  9.40191089e+00 -5.97185015e+00 -7.25498015e+01 -8.13939601e+00
  2.51641774e+00  0.00000000e+00  6.00126154e-01 -5.69040537e+00
  6.53010702e+01  8.45467681e+00 -4.30211422e-16 -4.33286696e+00
 -4.52372602e-01  5.44191931e+00  6.28916060e+00  2.35733800e-03
  2.13468806e-04 -2.77591590e-03  3.20957470e+00  3.32936311e+00
  2.93678999e+00 -3.11296773e+00 -3.27498293e+00  3.32541847e+00]
2020-07-14 13:56:31,900 - srg.agents.base_agent_single - INFO - Reseting game -- New start state [ 0.00000000e+00  0.00000000e+00 -1.00000000e+00  8.17250000e-01
  1.91450000e-01 -5.49100000e-03  0.00000000e+00  0.00000000e+00
  0.00000000e+00  0.00000000e+00  0.00000000e+00  0.00000000e+00
  0.00000000e+00  0.00000000e+00  0.00000000e+00  0.00000000e+00
  0.00000000e+00  0.00000000e+00  0.00000000e+00  0.00000000e+00
  0.00000000e+00  0.00000000e+00 -3.19973024e+02 -5.99003367e+02
  1.76613596e+03 -1.46259290e+01 -2.43936676e+02 -2.18034226e+02
  2.88173409e+02  6.14934026e+02  1.72689596e+03  5.66614830e+01
  2.18674614e+02  2.84217094e-14  1.65498263e+03  6.14934026e+02
 -4.49667921e+02  1.27469305e+01 -4.63395137e+02  1.89242587e+02
 -1.24291640e+03  1.78474872e+02  2.90260864e+02 -1.23402570e+01
  3.10729099e+02 -3.49333934e+01  1.87816326e+02  1.03597525e+02
  1.08746142e+03 -3.51766881e+01  2.66453526e-15  4.09785623e+00
 -1.89015720e+02 -8.28331810e+01  9.90379908e+02  1.26590645e+02
 -1.40634216e+01  0.00000000e+00  1.19933133e+02 -7.65842311e+01
 -9.01747306e+02 -1.20189590e+02  2.22044605e-16 -1.57223311e+01
 -6.74346940e+00 -1.11849413e+01 -7.98163237e+01  1.79356001e-03
  3.80266117e-04  1.06161996e-04  3.23425293e+00  2.90986657e+00
  3.30800462e+00 -3.23250389e+00 -3.45110440e+00  3.02938080e+00]
2020-07-14 13:56:34,479 - srg.agents.base_agent_single - INFO - Reseting game -- New start state [ 0.00000000e+00  0.00000000e+00 -1.00000000e+00  8.17250000e-01
  1.91450000e-01 -5.49100000e-03  0.00000000e+00  0.00000000e+00
  0.00000000e+00  0.00000000e+00  0.00000000e+00  0.00000000e+00
  0.00000000e+00  0.00000000e+00  0.00000000e+00  0.00000000e+00
  0.00000000e+00  0.00000000e+00  0.00000000e+00  0.00000000e+00
  0.00000000e+00  0.00000000e+00 -5.09172234e+02 -9.86159565e+02
 -1.57008137e+02  1.11503379e+02  2.15739350e+01 -3.86873386e+02
  4.42835648e+02  1.01767561e+03 -1.96248137e+02 -1.90974692e+01
 -6.83839981e+01 -1.11022302e-16 -2.58014041e+02  1.01767561e+03
 -4.28496682e+02 -3.86685491e+01  7.22439316e+01  6.41961116e+00
  1.10591115e+02  2.88886816e+02  6.07748406e+01  6.00364269e+00
 -2.76477788e+01 -1.39980722e+01  5.63017742e+01  1.64170736e+02
 -7.54599501e+01 -1.30971128e+01  4.32986980e-15 -1.48479618e+01
 -5.69441878e+01 -1.48909700e+02 -6.86973950e+01  6.52754345e+00
 -3.79428733e+00  0.00000000e+00  2.21883487e+01 -1.36896028e+02
  5.72542453e+01  7.25983924e+00  1.21430643e-17  8.33456699e+00
 -1.21906598e+01 -1.69257551e+01  4.78575017e+00 -2.36102157e-03
 -8.38712601e-05  7.28297000e-03  3.04430676e+00  3.05675912e+00
  3.04595804e+00 -3.14469194e+00 -3.28485560e+00  3.17235017e+00]
2020-07-14 13:56:37,039 - srg.agents.base_agent_single - INFO - Reseting game -- New start state [ 0.00000000e+00  0.00000000e+00 -1.00000000e+00  8.17250000e-01
  1.91450000e-01 -5.49100000e-03  0.00000000e+00  0.00000000e+00
  0.00000000e+00  0.00000000e+00  0.00000000e+00  0.00000000e+00
  0.00000000e+00  0.00000000e+00  0.00000000e+00  0.00000000e+00
  0.00000000e+00  0.00000000e+00  0.00000000e+00  0.00000000e+00
  0.00000000e+00  0.00000000e+00 -9.53834044e+01 -3.31935011e+01
  1.36287384e+03 -4.37335545e+01 -1.73060373e+02  1.47140073e+00
  9.32009549e+01  3.89022411e+01  1.32363384e+03  3.66539437e+01
  1.67079126e+02  0.00000000e+00  1.27838066e+03  3.89022411e+01
 -1.77947890e+02  3.41842120e+01 -3.57946584e+02  1.36992373e+02
 -9.53384726e+02  2.45092127e+01  2.02871609e+02 -1.46761449e+01
  2.38346181e+02 -2.10580804e+01  1.34640324e+02  2.18505767e+01
  8.34184006e+02 -2.18636473e+01  0.00000000e+00  1.03172209e+01
 -1.37481609e+02 -8.02850598e+00  7.60007328e+02  9.17174884e+01
 -1.29357343e+01  0.00000000e+00  1.04191464e+02 -7.75984524e+00
 -6.91821707e+02 -9.19855520e+01 -1.77809156e-17 -1.82419206e+01
 -5.56892228e-01 -3.44180852e+00 -6.13428037e+01  5.52877538e-04
  1.79766567e-04 -2.83991742e-03  3.22495055e+00  3.03840733e+00
  3.37417006e+00 -3.40781450e+00 -3.00245094e+00  3.22627687e+00]
2020-07-14 13:56:39,641 - srg.agents.base_agent_single - INFO - Reseting game -- New start state [ 0.00000000e+00  0.00000000e+00 -1.00000000e+00  8.17250000e-01
  1.91450000e-01 -5.49100000e-03  0.00000000e+00  0.00000000e+00
  0.00000000e+00  0.00000000e+00  0.00000000e+00  0.00000000e+00
  0.00000000e+00  0.00000000e+00  0.00000000e+00  0.00000000e+00
  0.00000000e+00  0.00000000e+00  0.00000000e+00  0.00000000e+00
  0.00000000e+00  0.00000000e+00  6.09926830e+02 -6.25161135e+01
 -3.30837108e+02  7.10099279e+01  3.04685246e+02 -3.04842172e+01
 -6.12513206e+02  2.73235254e+01 -3.70077108e+02 -5.09276609e+01
 -2.53654752e+02  0.00000000e+00 -3.75989849e+02  2.73235254e+01
  6.31620121e+02 -1.06051735e+02  1.05277158e+02  1.27362885e+00
 -5.40487835e+01  1.38098176e+01 -6.43303509e+02  2.85322388e+01
  1.35121959e+01 -4.52957316e+00 -6.33915584e+02  1.10781327e+01
  5.28376503e+01 -2.01672692e+00 -1.11022302e-16 -3.01070875e+01
  6.22968575e+02 -3.65832293e+01  4.72363171e+01  9.14387626e+00
  6.55811567e+01  1.42750395e-14 -6.14557598e+02 -3.57988438e+01
 -2.68732344e+01 -3.62479795e+00 -8.82974249e-16  8.79130480e+01
 -2.89268544e+00  4.57474289e+01 -2.64858540e+00  5.52822586e-03
  6.38347685e-05  3.99630443e-03  3.19662094e+00  3.20569968e+00
  3.13336611e+00 -2.98295593e+00 -2.97394657e+00  3.17312431e+00]
2020-07-14 13:56:42,239 - srg.agents.base_agent_single - INFO - Reseting game -- New start state [ 0.00000000e+00  0.00000000e+00 -1.00000000e+00  8.17250000e-01
  1.91450000e-01 -5.49100000e-03  0.00000000e+00  0.00000000e+00
  0.00000000e+00  0.00000000e+00  0.00000000e+00  0.00000000e+00
  0.00000000e+00  0.00000000e+00  0.00000000e+00  0.00000000e+00
  0.00000000e+00  0.00000000e+00  0.00000000e+00  0.00000000e+00
  0.00000000e+00  0.00000000e+00  9.55790315e+01  4.51768823e+02
  2.67022169e+02 -4.94709096e+01 -3.49315978e+01  1.75904551e+02
 -5.96801622e+01 -4.57895948e+02  2.27782169e+02  5.73872974e+00
  4.40425390e+01  0.00000000e+00  1.95702810e+02 -4.57895948e+02
  4.39169871e+01  3.92118142e+01 -5.47967868e+01  6.68701287e+00
 -1.11792307e+02 -1.30087084e+02  1.14245597e+02 -8.47575067e+00
  2.79480768e+01  5.41569029e+00  1.12153461e+02 -7.34142686e+01
  1.01479950e+02  4.49123472e+00  2.22044605e-16  1.25021347e+01
 -1.11572093e+02  7.42951576e+01  9.12111467e+01  3.02714029e+00
 -1.52654718e+01 -3.77475828e-15  1.21549825e+02  6.89100899e+01
 -9.41651177e+01 -1.22104986e+01  4.44956572e-16 -2.15282720e+01
  6.31654458e+00 -3.25796323e+00 -8.57490475e+00 -2.40834049e-03
 -2.68408028e-05 -3.46989638e-03  3.00790453e+00  3.37370300e+00
  3.12987161e+00 -3.22081423e+00 -3.17187738e+00  3.24674559e+00]
2020-07-14 13:56:44,825 - srg.agents.base_agent_single - INFO - Reseting game -- New start state [ 0.00000000e+00  0.00000000e+00 -1.00000000e+00  8.17250000e-01
  1.91450000e-01 -5.49100000e-03  0.00000000e+00  0.00000000e+00
  0.00000000e+00  0.00000000e+00  0.00000000e+00  0.00000000e+00
  0.00000000e+00  0.00000000e+00  0.00000000e+00  0.00000000e+00
  0.00000000e+00  0.00000000e+00  0.00000000e+00  0.00000000e+00
  0.00000000e+00  0.00000000e+00 -2.31172359e+02 -1.47710889e+02
 -2.74707340e+02  7.94942494e-01 -3.81812280e+01 -5.77123504e+01
  2.23815481e+02  1.58637313e+02 -3.13947340e+02  1.15171490e+01
  1.81438913e+01  1.11022302e-16 -3.63475996e+02  1.58637313e+02
 -2.01617627e+02  1.39998826e+01  1.01773279e+02 -5.73183203e+01
  4.34662997e+02  4.52686413e+01  1.10390272e+02 -2.93697314e+00
 -1.08665749e+02  7.37369286e+00  1.23066999e+02  2.58796836e+01
 -3.93664771e+02  7.32960827e+00 -1.55431223e-15  1.93497530e+00
 -1.20194189e+02 -1.73363581e+01 -3.58911667e+02 -4.13738805e+01
 -1.10328486e+01 -1.77635684e-15  1.21161224e+02 -1.57825568e+01
  3.19898850e+02  4.24147152e+01  2.63677968e-16 -1.45565942e+01
 -1.36997029e+00 -1.28708513e+01  2.85136023e+01 -6.58641165e-05
 -5.20215659e-05  9.79284933e-04  3.07887816e+00  3.34142375e+00
  3.04748011e+00 -3.25807714e+00 -3.60020590e+00  3.07012415e+00]
2020-07-14 13:56:47,423 - srg.agents.base_agent_single - INFO - Reseting game -- New start state [ 0.00000000e+00  0.00000000e+00 -1.00000000e+00  8.17250000e-01
  1.91450000e-01 -5.49100000e-03  0.00000000e+00  0.00000000e+00
  0.00000000e+00  0.00000000e+00  0.00000000e+00  0.00000000e+00
  0.00000000e+00  0.00000000e+00  0.00000000e+00  0.00000000e+00
  0.00000000e+00  0.00000000e+00  0.00000000e+00  0.00000000e+00
  0.00000000e+00  0.00000000e+00 -6.24162033e+02  3.40848090e+01
  1.37245935e+03 -1.46211373e+02 -4.95500840e+02  9.59993928e+00
  6.25090457e+02 -1.39246491e+00  1.33321935e+03  1.19970801e+02
  4.46737510e+02  4.44089210e-16  1.25129766e+03 -1.39246491e+00
 -7.12039196e+02  9.77714897e+01 -3.50363345e+02  4.96405452e+01
 -3.60873984e+02 -8.56027272e+00  6.77558155e+02 -2.04094388e+01
  9.02184961e+01 -2.15968039e+00  6.34126959e+02 -9.81120493e+00
  2.48921729e+02 -3.70929356e+00  0.00000000e+00  2.17667493e+01
 -6.21517984e+02  4.90648341e+01  2.20201502e+02  1.98620330e+01
 -6.95232886e+01 -1.39888101e-14  5.98859038e+02  4.83439020e+01
 -2.25150405e+02 -2.89161219e+01  2.60208521e-17 -7.83313127e+01
  4.31117310e+00 -5.39702306e+01 -2.20591103e+01 -9.97502153e-03
 -9.40232831e-04  8.47807152e-04  3.15565610e+00  2.82098508e+00
  3.36925030e+00 -3.54230070e+00 -3.09851074e+00  3.03020334e+00]
2020-07-14 13:56:50,010 - srg.agents.base_agent_single - INFO - Reseting game -- New start state [ 0.00000000e+00  0.00000000e+00 -1.00000000e+00  8.17250000e-01
  1.91450000e-01 -5.49100000e-03  0.00000000e+00  0.00000000e+00
  0.00000000e+00  0.00000000e+00  0.00000000e+00  0.00000000e+00
  0.00000000e+00  0.00000000e+00  0.00000000e+00  0.00000000e+00
  0.00000000e+00  0.00000000e+00  0.00000000e+00  0.00000000e+00
  0.00000000e+00  0.00000000e+00  3.49404274e+02 -1.33260340e+02
  2.87202805e+03 -3.49368126e+01 -1.35596227e+02 -4.03068492e+01
 -3.60815939e+02  9.82523443e+01  2.83278805e+03  3.01923847e+01
  1.70544747e+02  0.00000000e+00  2.81010674e+03  9.82523443e+01
  2.32056938e+02 -4.53514156e+01 -7.86829888e+02  3.53428420e+02
 -2.50051053e+03  2.84090302e+01 -1.27425683e+02  5.83211523e+00
  6.25127633e+02 -5.54875541e+01 -2.90248655e+02  1.65081933e+01
  2.20861521e+03 -5.48761738e+01  6.99440506e-15 -1.05281771e+01
  2.81009209e+02 -2.94816435e+01  2.01253276e+03  2.43982195e+02
  3.23460505e+01 -1.11022302e-16 -4.62512229e+02 -2.80041208e+01
 -1.77830474e+03 -2.36222827e+02 -8.84708973e-16  6.14530855e+01
 -2.41553077e+00  4.06673912e+01 -1.58367603e+02  4.81886178e-03
  3.20819156e-04  1.20313711e-05  3.03496265e+00  3.04487324e+00
  3.17480469e+00 -3.09980845e+00 -3.19906020e+00  3.27164912e+00]
